$ sudo lshw
aland-dell
    description: Notebook
    product: XPS 13 9310 (0991)
    vendor: Dell Inc.
    serial: 2WJH693
    width: 64 bits
    capabilities: smbios-3.2.0 dmi-3.2.0 smp vsyscall32
    configuration: boot=normal chassis=notebook family=XPS sku=0991 uuid=44454C4C-5700-104A-8048-B2C04F363933
  *-core
       description: Motherboard
       product: 08607K
       vendor: Dell Inc.
       physical id: 0
       version: A00
       serial: /2WJH693/CNCMK000C30344/
     *-firmware
          description: BIOS
          vendor: Dell Inc.
          physical id: 1
          version: 1.1.4
          date: 11/23/2020
          size: 1MiB
          capacity: 32MiB
          capabilities: pci pnp upgrade shadowing cdboot bootselect edd int5printscreen int9keyboard int14serial int17printer acpi usb smartbattery biosbootspecification netboot uefi
     *-cpu
          description: CPU
          product: 11th Gen Intel(R) Core(TM) i7-1165G7 @ 2.80GHz
          vendor: Intel Corp.
          physical id: 400
          bus info: cpu@0
          version: 11th Gen Intel(R) Core(TM) i7-1165G7 @ 2.80GHz
          serial: To Be Filled By O.E.M.
          slot: CPU 1
          size: 4343MHz
          capacity: 4700MHz
          width: 64 bits
          clock: 100MHz
          capabilities: lm fpu fpu_exception wp vme de pse tsc msr pae mce cx8 apic sep mtrr pge mca cmov pat pse36 clflush dts acpi mmx fxsr sse sse2 ss ht tm pbe syscall nx pdpe1gb rdtscp x86-64 constant_tsc art arch_perfmon pebs bts rep_good nopl xtopology nonstop_tsc cpuid aperfmperf tsc_known_freq pni pclmulqdq dtes64 monitor ds_cpl vmx est tm2 ssse3 sdbg fma cx16 xtpr pdcm pcid sse4_1 sse4_2 x2apic movbe popcnt tsc_deadline_timer aes xsave avx f16c rdrand lahf_lm abm 3dnowprefetch cpuid_fault epb cat_l2 invpcid_single cdp_l2 ssbd ibrs ibpb stibp ibrs_enhanced tpr_shadow vnmi flexpriority ept vpid ept_ad fsgsbase tsc_adjust bmi1 avx2 smep bmi2 erms invpcid rdt_a avx512f avx512dq rdseed adx smap avx512ifma clflushopt clwb intel_pt avx512cd sha_ni avx512bw avx512vl xsaveopt xsavec xgetbv1 xsaves split_lock_detect dtherm ida arat pln pts hwp hwp_notify hwp_act_window hwp_epp hwp_pkg_req avx512vbmi umip pku ospke avx512_vbmi2 gfni vaes vpclmulqdq avx512_vnni avx512_bitalg avx512_vpopcntdq rdpid movdiri movdir64b fsrm avx512_vp2intersect md_clear flush_l1d arch_capabilities cpufreq
          configuration: cores=4 enabledcores=4 threads=8
        *-cache:0
             description: L1 cache
             physical id: 701
             slot: L1 Cache
             size: 128KiB
             capacity: 128KiB
             capabilities: synchronous internal write-back instruction
             configuration: level=1
        *-cache:1
             description: L2 cache
             physical id: 702
             slot: L2 Cache
             size: 5MiB
             capacity: 5MiB
             capabilities: synchronous internal write-back unified
             configuration: level=2
        *-cache:2
             description: L3 cache
             physical id: 703
             slot: L3 Cache
             size: 12MiB
             capacity: 12MiB
             capabilities: synchronous internal write-back unified
             configuration: level=3
     *-cache
          description: L1 cache
          physical id: 700
          slot: L1 Cache
          size: 192KiB
          capacity: 192KiB
          capabilities: synchronous internal write-back data
          configuration: level=1
     *-memory
          description: System Memory
          physical id: 1000
          slot: System board or motherboard
          size: 16GiB
        *-bank:0
             description: Row of chips LPDDR4 Synchronous 4267 MHz (0,2 ns)
             physical id: 0
             slot: Motherboard
             size: 2GiB
             width: 16 bits
             clock: 4267MHz (0.2ns)
        *-bank:1
             description: Row of chips LPDDR4 Synchronous 4267 MHz (0,2 ns)
             physical id: 1
             slot: Motherboard
             size: 2GiB
             width: 16 bits
             clock: 4267MHz (0.2ns)
        *-bank:2
             description: Row of chips LPDDR4 Synchronous 4267 MHz (0,2 ns)
             physical id: 2
             slot: Motherboard
             size: 2GiB
             width: 16 bits
             clock: 4267MHz (0.2ns)
        *-bank:3
             description: Row of chips LPDDR4 Synchronous 4267 MHz (0,2 ns)
             physical id: 3
             slot: Motherboard
             size: 2GiB
             width: 16 bits
             clock: 4267MHz (0.2ns)
        *-bank:4
             description: Row of chips LPDDR4 Synchronous 4267 MHz (0,2 ns)
             physical id: 4
             slot: Motherboard
             size: 2GiB
             width: 16 bits
             clock: 4267MHz (0.2ns)
        *-bank:5
             description: Row of chips LPDDR4 Synchronous 4267 MHz (0,2 ns)
             physical id: 5
             slot: Motherboard
             size: 2GiB
             width: 16 bits
             clock: 4267MHz (0.2ns)
        *-bank:6
             description: Row of chips LPDDR4 Synchronous 4267 MHz (0,2 ns)
             physical id: 6
             slot: Motherboard
             size: 2GiB
             width: 16 bits
             clock: 4267MHz (0.2ns)
        *-bank:7
             description: Row of chips LPDDR4 Synchronous 4267 MHz (0,2 ns)
             physical id: 7
             slot: Motherboard
             size: 2GiB
             width: 16 bits
             clock: 4267MHz (0.2ns)
     *-pci:0
          description: Host bridge
          product: 11th Gen Core Processor Host Bridge/DRAM Registers
          vendor: Intel Corporation
          physical id: 100
          bus info: pci@0000:00:00.0
          version: 01
          width: 32 bits
          clock: 33MHz
        *-display
             description: VGA compatible controller
             product: UHD Graphics
             vendor: Intel Corporation
             physical id: 2
             bus info: pci@0000:00:02.0
             logical name: /dev/fb0
             version: 01
             width: 64 bits
             clock: 33MHz
             capabilities: pciexpress msi pm vga_controller bus_master cap_list rom fb
             configuration: depth=32 driver=i915 latency=0 mode=1920x1200 visual=truecolor xres=1920 yres=1200
             resources: iomemory:600-5ff iomemory:400-3ff irq:171 memory:603e000000-603effffff memory:4000000000-400fffffff ioport:3000(size=64) memory:c0000-dffff memory:4010000000-4016ffffff memory:4020000000-40ffffffff
        *-generic:0
             description: Signal processing controller
             product: Intel Corporation
             vendor: Intel Corporation
             physical id: 4
             bus info: pci@0000:00:04.0
             version: 01
             width: 64 bits
             clock: 33MHz
             capabilities: msi pm cap_list
             configuration: driver=proc_thermal latency=0
             resources: iomemory:600-5ff irq:16 memory:603f280000-603f29ffff
        *-generic:1 UNCLAIMED
             description: System peripheral
             product: Intel Corporation
             vendor: Intel Corporation
             physical id: 6
             bus info: pci@0000:00:06.0
             version: 00
             width: 32 bits
             clock: 33MHz
             configuration: latency=0
        *-pci:0
             description: PCI bridge
             product: Tiger Lake-LP Thunderbolt PCI Express Root Port #0
             vendor: Intel Corporation
             physical id: 7
             bus info: pci@0000:00:07.0
             version: 01
             width: 32 bits
             clock: 33MHz
             capabilities: pci pciexpress msi pm normal_decode bus_master cap_list
             configuration: driver=pcieport
             resources: irq:120 ioport:4000(size=4096) memory:82000000-8e1fffff ioport:6000000000(size=469762048)
        *-pci:1
             description: PCI bridge
             product: Tiger Lake-LP Thunderbolt PCI Express Root Port #2
             vendor: Intel Corporation
             physical id: 7.2
             bus info: pci@0000:00:07.2
             version: 01
             width: 32 bits
             clock: 33MHz
             capabilities: pci pciexpress msi pm normal_decode bus_master cap_list
             configuration: driver=pcieport
             resources: irq:121 ioport:5000(size=4096) memory:74000000-801fffff ioport:6020000000(size=469762048)
        *-generic:2 UNCLAIMED
             description: Signal processing controller
             product: Intel Corporation
             vendor: Intel Corporation
             physical id: a
             bus info: pci@0000:00:0a.0
             version: 01
             width: 64 bits
             clock: 33MHz
             capabilities: pciexpress pm cap_list
             configuration: latency=0
             resources: iomemory:600-5ff memory:603f2d0000-603f2d7fff
        *-usb:0
             description: USB controller
             product: Tiger Lake-LP Thunderbolt USB Controller
             vendor: Intel Corporation
             physical id: d
             bus info: pci@0000:00:0d.0
             version: 01
             width: 64 bits
             clock: 33MHz
             capabilities: pm msi xhci bus_master cap_list
             configuration: driver=xhci_hcd latency=0
             resources: iomemory:600-5ff irq:143 memory:603f2c0000-603f2cffff
           *-usbhost:0
                product: xHCI Host Controller
                vendor: Linux 5.10.1-051001-generic xhci-hcd
                physical id: 0
                bus info: usb@1
                logical name: usb1
                version: 5.10
                capabilities: usb-2.00
                configuration: driver=hub slots=1 speed=480Mbit/s
           *-usbhost:1
                product: xHCI Host Controller
                vendor: Linux 5.10.1-051001-generic xhci-hcd
                physical id: 1
                bus info: usb@2
                logical name: usb2
                version: 5.10
                capabilities: usb-3.10
                configuration: driver=hub slots=4 speed=10000Mbit/s
              *-usb
                   description: USB hub
                   product: USB3.0 Hub
                   vendor: VIA Labs, Inc.
                   physical id: 3
                   bus info: usb@2:3
                   version: 3.b1
                   capabilities: usb-3.00
                   configuration: driver=hub slots=4 speed=5000Mbit/s
                 *-usb
                      description: Generic USB device
                      product: Lenovo USB-C Hub
                      vendor: Lenovo
                      physical id: 1
                      bus info: usb@2:3.1
                      version: 31.00
                      serial: 001B7D708
                      capabilities: usb-3.00
                      configuration: driver=r8152 maxpower=288mA speed=5000Mbit/s
        *-usb:1
             description: USB controller
             product: Tiger Lake-LP Thunderbolt NHI #0
             vendor: Intel Corporation
             physical id: d.2
             bus info: pci@0000:00:0d.2
             version: 01
             width: 64 bits
             clock: 33MHz
             capabilities: pm msi msix usb4_host_interface bus_master cap_list
             configuration: driver=thunderbolt latency=0
             resources: iomemory:600-5ff iomemory:600-5ff irq:16 memory:603f240000-603f27ffff memory:603f2ec000-603f2ecfff
        *-usb:2
             description: USB controller
             product: Tiger Lake-LP Thunderbolt NHI #1
             vendor: Intel Corporation
             physical id: d.3
             bus info: pci@0000:00:0d.3
             version: 01
             width: 64 bits
             clock: 33MHz
             capabilities: pm msi msix usb4_host_interface bus_master cap_list
             configuration: driver=thunderbolt latency=0
             resources: iomemory:600-5ff iomemory:600-5ff irq:16 memory:603f200000-603f23ffff memory:603f2eb000-603f2ebfff
        *-raid
             description: RAID bus controller
             product: Volume Management Device NVMe RAID Controller
             vendor: Intel Corporation
             physical id: e
             bus info: pci@0000:00:0e.0
             version: 00
             width: 64 bits
             clock: 33MHz
             capabilities: raid msix pciexpress pm bus_master cap_list
             configuration: driver=vmd latency=0
             resources: iomemory:600-5ff iomemory:600-5ff irq:0 memory:603c000000-603dffffff memory:72000000-73ffffff memory:603f100000-603f1fffff
        *-communication:0
             description: Serial controller
             product: Tiger Lake-LP Integrated Sensor Hub
             vendor: Intel Corporation
             physical id: 12
             bus info: pci@0000:00:12.0
             version: 20
             width: 64 bits
             clock: 33MHz
             capabilities: pm 8250 bus_master cap_list
             configuration: driver=intel_ish_ipc latency=0
             resources: iomemory:600-5ff irq:16 memory:603f2b0000-603f2bffff
        *-usb:3
             description: USB controller
             product: Tiger Lake-LP USB 3.2 Gen 2x1 xHCI Host Controller
             vendor: Intel Corporation
             physical id: 14
             bus info: pci@0000:00:14.0
             version: 20
             width: 64 bits
             clock: 33MHz
             capabilities: pm msi xhci bus_master cap_list
             configuration: driver=xhci_hcd latency=0
             resources: iomemory:600-5ff irq:160 memory:603f2a0000-603f2affff
           *-usbhost:0
                product: xHCI Host Controller
                vendor: Linux 5.10.1-051001-generic xhci-hcd
                physical id: 0
                bus info: usb@3
                logical name: usb3
                version: 5.10
                capabilities: usb-2.00
                configuration: driver=hub slots=12 speed=480Mbit/s
              *-usb:0 UNCLAIMED
                   description: Generic USB device
                   product: FingerPrint
                   vendor: Goodix
                   physical id: 3
                   bus info: usb@3:3
                   version: 1.00
                   capabilities: usb-2.00
                   configuration: maxpower=100mA speed=12Mbit/s
              *-usb:1
                   description: USB hub
                   product: USB2.0 Hub
                   vendor: VIA Labs, Inc.
                   physical id: 4
                   bus info: usb@3:4
                   version: 3.b1
                   capabilities: usb-2.10
                   configuration: driver=hub slots=4 speed=480Mbit/s
                 *-usb:0 UNCLAIMED
                      description: Generic USB device
                      product: USB 2.0 BILLBOARD
                      vendor: VIA Technologies Inc.
                      physical id: 3
                      bus info: usb@3:4.3
                      version: 4.04
                      serial: 0000000000000001
                      capabilities: usb-2.01
                      configuration: maxpower=500mA speed=480Mbit/s
                 *-usb:1
                      description: Mouse
                      product: ROCCAT Kone Pure SE
                      vendor: ROCCAT
                      physical id: 4
                      bus info: usb@3:4.4
                      version: 1.33
                      serial: 000000000000
                      capabilities: usb-1.10
                      configuration: driver=usbhid maxpower=500mA speed=12Mbit/s
              *-usb:2
                   description: Video
                   product: Integrated_Webcam_HD
                   vendor: CN03GGY48LG000AEB6KTA00
                   physical id: 6
                   bus info: usb@3:6
                   version: 5.29
                   capabilities: usb-2.01
                   configuration: driver=uvcvideo maxpower=500mA speed=480Mbit/s
              *-usb:3
                   description: Bluetooth wireless interface
                   vendor: Intel Corp.
                   physical id: a
                   bus info: usb@3:a
                   version: 0.02
                   capabilities: bluetooth usb-2.01
                   configuration: driver=btusb maxpower=100mA speed=12Mbit/s
           *-usbhost:1
                product: xHCI Host Controller
                vendor: Linux 5.10.1-051001-generic xhci-hcd
                physical id: 1
                bus info: usb@4
                logical name: usb4
                version: 5.10
                capabilities: usb-3.10
                configuration: driver=hub slots=4 speed=10000Mbit/s
        *-memory UNCLAIMED
             description: RAM memory
             product: Tiger Lake-LP Shared SRAM
             vendor: Intel Corporation
             physical id: 14.2
             bus info: pci@0000:00:14.2
             version: 20
             width: 64 bits
             clock: 33MHz (30.3ns)
             capabilities: pm cap_list
             configuration: latency=0
             resources: iomemory:600-5ff iomemory:600-5ff memory:603f2e0000-603f2e3fff memory:603f2ea000-603f2eafff
        *-network
             description: Wireless interface
             product: Wi-Fi 6 AX201
             vendor: Intel Corporation
             physical id: 14.3
             bus info: pci@0000:00:14.3
             logical name: wlp0s20f3
             version: 20
             serial: 8c:8d:28:fd:b3:3a
             width: 64 bits
             clock: 33MHz
             capabilities: pm msi pciexpress msix bus_master cap_list ethernet physical wireless
             configuration: broadcast=yes driver=iwlwifi driverversion=5.10.1-051001-generic firmware=55.d9698065.0 QuZ-a0-hr-b0-55.u ip=192.168.1.211 latency=0 link=yes multicast=yes wireless=IEEE 802.11
             resources: iomemory:600-5ff irq:16 memory:603f2dc000-603f2dffff
        *-serial:0
             description: Serial bus controller
             product: Tiger Lake-LP Serial IO I2C Controller #0
             vendor: Intel Corporation
             physical id: 15
             bus info: pci@0000:00:15.0
             version: 20
             width: 64 bits
             clock: 33MHz
             capabilities: pm bus_master cap_list
             configuration: driver=intel-lpss latency=0
             resources: irq:27 memory:4017000000-4017000fff
        *-serial:1
             description: Serial bus controller
             product: Tiger Lake-LP Serial IO I2C Controller #1
             vendor: Intel Corporation
             physical id: 15.1
             bus info: pci@0000:00:15.1
             version: 20
             width: 64 bits
             clock: 33MHz
             capabilities: pm bus_master cap_list
             configuration: driver=intel-lpss latency=0
             resources: irq:40 memory:4017001000-4017001fff
        *-communication:1
             description: Communication controller
             product: Tiger Lake-LP Management Engine Interface
             vendor: Intel Corporation
             physical id: 16
             bus info: pci@0000:00:16.0
             version: 20
             width: 64 bits
             clock: 33MHz
             capabilities: pm msi bus_master cap_list
             configuration: driver=mei_me latency=0
             resources: iomemory:600-5ff irq:189 memory:603f2e7000-603f2e7fff
        *-serial:2
             description: Serial bus controller
             product: Tiger Lake-LP Serial IO I2C Controller #4
             vendor: Intel Corporation
             physical id: 19
             bus info: pci@0000:00:19.0
             version: 20
             width: 64 bits
             clock: 33MHz
             capabilities: pm bus_master cap_list
             configuration: driver=intel-lpss latency=0
             resources: iomemory:400-3ff irq:31 memory:4017002000-4017002fff
        *-serial:3
             description: Serial bus controller
             product: Tiger Lake-LP Serial IO I2C Controller #5
             vendor: Intel Corporation
             physical id: 19.1
             bus info: pci@0000:00:19.1
             version: 20
             width: 64 bits
             clock: 33MHz
             capabilities: pm bus_master cap_list
             configuration: driver=intel-lpss latency=0
             resources: irq:32 memory:4017003000-4017003fff
        *-pci:2
             description: PCI bridge
             product: Intel Corporation
             vendor: Intel Corporation
             physical id: 1d
             bus info: pci@0000:00:1d.0
             version: 20
             width: 32 bits
             clock: 33MHz
             capabilities: pci pciexpress msi pm normal_decode bus_master cap_list
             configuration: driver=pcieport
             resources: irq:122 memory:8e200000-8e2fffff
           *-generic
                description: Unassigned class
                product: RTS5260 PCI Express Card Reader
                vendor: Realtek Semiconductor Co., Ltd.
                physical id: 0
                bus info: pci@0000:55:00.0
                version: 01
                width: 32 bits
                clock: 33MHz
                capabilities: pm msi pciexpress bus_master cap_list
                configuration: driver=rtsx_pci latency=0
                resources: irq:161 memory:8e200000-8e200fff
        *-isa
             description: ISA bridge
             product: Tiger Lake-LP LPC Controller
             vendor: Intel Corporation
             physical id: 1f
             bus info: pci@0000:00:1f.0
             version: 20
             width: 32 bits
             clock: 33MHz
             capabilities: isa bus_master
             configuration: latency=0
        *-multimedia
             description: Multimedia audio controller
             product: Tiger Lake-LP Smart Sound Technology Audio Controller
             vendor: Intel Corporation
             physical id: 1f.3
             bus info: pci@0000:00:1f.3
             version: 20
             width: 64 bits
             clock: 33MHz
             capabilities: pm msi bus_master cap_list
             configuration: driver=sof-audio-pci latency=64
             resources: iomemory:600-5ff iomemory:600-5ff irq:202 memory:603f2d8000-603f2dbfff memory:603f000000-603f0fffff
        *-serial:4
             description: SMBus
             product: Tiger Lake-LP SMBus Controller
             vendor: Intel Corporation
             physical id: 1f.4
             bus info: pci@0000:00:1f.4
             version: 20
             width: 64 bits
             clock: 33MHz
             configuration: driver=i801_smbus latency=0
             resources: iomemory:600-5ff irq:16 memory:603f2e4000-603f2e40ff ioport:efa0(size=32)
        *-serial:5 UNCLAIMED
             description: Serial bus controller
             product: Tiger Lake-LP SPI Controller
             vendor: Intel Corporation
             physical id: 1f.5
             bus info: pci@0000:00:1f.5
             version: 20
             width: 32 bits
             clock: 33MHz
             configuration: latency=0
             resources: memory:70800000-70800fff
     *-pci:1
          description: PCI bridge
          product: 11th Gen Core Processor PCIe Controller
          vendor: Intel Corporation
          physical id: 6
          version: 01
          width: 32 bits
          clock: 33MHz
          capabilities: pci pciexpress msi pm normal_decode bus_master cap_list
          configuration: driver=pcieport
          resources: irq:142 memory:72000000-720fffff
        *-storage
             description: Non-Volatile memory controller
             product: Micron Technology Inc
             vendor: Micron Technology Inc
             physical id: 0
             version: 00
             width: 64 bits
             clock: 33MHz
             capabilities: storage pm msix pciexpress nvm_express bus_master cap_list
             configuration: driver=nvme latency=0
             resources: irq:0 memory:72000000-72003fff
     *-pnp00:00
          product: PnP device PNP0c02
          physical id: 0
          capabilities: pnp
          configuration: driver=system
     *-pnp00:01
          product: PnP device PNP0b00
          physical id: 2
          capabilities: pnp
          configuration: driver=rtc_cmos
     *-pnp00:02
          product: PnP device INT3f0d
          physical id: 3
          capabilities: pnp
          configuration: driver=system
     *-pnp00:03
          product: PnP device PNP0303
          physical id: 4
          capabilities: pnp
          configuration: driver=i8042 kbd
     *-pnp00:04
          product: PnP device DLL0991
          physical id: 5
          capabilities: pnp
          configuration: driver=i8042 aux
     *-pnp00:05
          product: PnP device PNP0c02
          physical id: 7
          capabilities: pnp
          configuration: driver=system
     *-pnp00:06
          product: PnP device PNP0c02
          physical id: 8
          capabilities: pnp
          configuration: driver=system
     *-pnp00:07
          product: PnP device PNP0c02
          physical id: 9
          capabilities: pnp
          configuration: driver=system
     *-pnp00:08
          product: PnP device PNP0c02
          physical id: a
          capabilities: pnp
          configuration: driver=system
  *-battery
       product: DELL 2XXFW09
       vendor: LG
       physical id: 1
       version: 09/20/2020
       serial: 11C1
       slot: Sys. Battery Bay
       capacity: 50970mWh
       configuration: voltage=7,6V
  *-power UNCLAIMED
       description: To Be Filled by O.E.M.
       product: To Be Filled by O.E.M.
       vendor: To Be Filled by O.E.M.
       physical id: 2
       version: To Be Filled by O.E.M.
       serial: To Be Filled by O.E.M.
       capacity: 32768mWh
  *-network
       description: Ethernet interface
       physical id: 3
       bus info: usb@2:3.1
       logical name: enx3c18a0b7d708
       serial: 3c:18:a0:b7:d7:08
       size: 10Mbit/s
       capacity: 1Gbit/s
       capabilities: ethernet physical tp mii 10bt 10bt-fd 100bt 100bt-fd 1000bt 1000bt-fd autonegotiation
       configuration: autonegotiation=on broadcast=yes driver=r8152 driverversion=v1.11.11 duplex=half firmware=rtl8153b-2 v1 10/23/19 link=no multicast=yes port=MII speed=10Mbit/s
